0 info it worked if it ends with ok
1 verbose cli [ 'node',
1 verbose cli   '/usr/local/bin/npm',
1 verbose cli   'install',
1 verbose cli   'material-design-icons' ]
2 info using npm@1.4.28
3 info using node@v0.10.33
4 verbose readDependencies using package.json deps
5 verbose cache add [ 'material-design-icons', null ]
6 verbose cache add name=undefined spec="material-design-icons" args=["material-design-icons",null]
7 verbose parsed url { protocol: null,
7 verbose parsed url   slashes: null,
7 verbose parsed url   auth: null,
7 verbose parsed url   host: null,
7 verbose parsed url   port: null,
7 verbose parsed url   hostname: null,
7 verbose parsed url   hash: null,
7 verbose parsed url   search: null,
7 verbose parsed url   query: null,
7 verbose parsed url   pathname: 'material-design-icons',
7 verbose parsed url   path: 'material-design-icons',
7 verbose parsed url   href: 'material-design-icons' }
8 silly lockFile df27cdfc-material-design-icons material-design-icons
9 verbose lock material-design-icons /Users/julescantegril/.npm/df27cdfc-material-design-icons.lock
10 silly lockFile df27cdfc-material-design-icons material-design-icons
11 silly lockFile df27cdfc-material-design-icons material-design-icons
12 verbose addNamed [ 'material-design-icons', '' ]
13 verbose addNamed [ null, '*' ]
14 silly lockFile 3be65f8c-material-design-icons material-design-icons@
15 verbose lock material-design-icons@ /Users/julescantegril/.npm/3be65f8c-material-design-icons.lock
16 silly addNameRange { name: 'material-design-icons', range: '*', hasData: false }
17 verbose request where is /material-design-icons
18 verbose request registry https://registry.npmjs.org/
19 verbose request id b543b9a820cde265
20 verbose url raw /material-design-icons
21 verbose url resolving [ 'https://registry.npmjs.org/', './material-design-icons' ]
22 verbose url resolved https://registry.npmjs.org/material-design-icons
23 verbose request where is https://registry.npmjs.org/material-design-icons
24 info trying registry request attempt 1 at 16:45:16
25 http GET https://registry.npmjs.org/material-design-icons
26 info retry will retry, error on last attempt: Error: tunneling socket could not be established, cause=connect ETIMEDOUT
27 info trying registry request attempt 2 at 16:46:41
28 http GET https://registry.npmjs.org/material-design-icons
29 info retry will retry, error on last attempt: Error: tunneling socket could not be established, cause=connect ETIMEDOUT
30 info trying registry request attempt 3 at 16:48:57
31 http GET https://registry.npmjs.org/material-design-icons
32 silly lockFile 3be65f8c-material-design-icons material-design-icons@
33 silly lockFile 3be65f8c-material-design-icons material-design-icons@
34 error network tunneling socket could not be established, cause=connect ETIMEDOUT
34 error network This is most likely not a problem with npm itself
34 error network and is related to network connectivity.
34 error network In most cases you are behind a proxy or have bad network settings.
34 error network
34 error network If you are behind a proxy, please make sure that the
34 error network 'proxy' config is set properly.  See: 'npm help config'
35 error System Darwin 13.1.0
36 error command "node" "/usr/local/bin/npm" "install" "material-design-icons"
37 error cwd /Users/julescantegril/WebstormProjects/PortailSep
38 error node -v v0.10.33
39 error npm -v 1.4.28
40 error code ECONNRESET
41 verbose exit [ 1, true ]
